build_portable_exe.ps1 failed: 20260309-010433
ProjectDir: C:\Users\KDFX Modes\Desktop\PetriNet_Project\PetriNet
Cargo: C:\Users\KDFX Modes\.cargo\bin\cargo.exe
CargoExitCode: 101

ERROR:
System.Management.Automation.RuntimeException: Cargo build failed with exit code 101

CARGO STDERR:
   Compiling proc-macro2 v1.0.106
   Compiling quote v1.0.44
   Compiling unicode-ident v1.0.24
   Compiling serde_core v1.0.228
   Compiling cfg-if v1.0.4
   Compiling stable_deref_trait v1.2.1
   Compiling autocfg v1.5.0
   Compiling windows_x86_64_msvc v0.48.5
   Compiling khronos_api v3.1.0
   Compiling smallvec v1.15.1
   Compiling zerocopy v0.8.40
   Compiling cfg_aliases v0.1.1
   Compiling serde v1.0.228
   Compiling windows-link v0.2.1
   Compiling writeable v0.6.2
   Compiling log v0.4.29
   Compiling libm v0.2.16
   Compiling litemap v0.8.1
   Compiling xml-rs v0.8.28
   Compiling icu_normalizer_data v2.1.1
   Compiling icu_properties_data v2.1.2
   Compiling once_cell v1.21.3
   Compiling parking_lot_core v0.9.12
   Compiling simd-adler32 v0.3.8
   Compiling version_check v0.9.5
   Compiling crc32fast v1.5.0
   Compiling scopeguard v1.2.0
   Compiling ttf-parser v0.25.1
   Compiling windows_x86_64_msvc v0.53.1
   Compiling adler2 v2.0.1
   Compiling ab_glyph_rasterizer v0.1.10
   Compiling base64 v0.21.7
   Compiling winit v0.29.15
   Compiling nohash-hasher v0.2.0
   Compiling lock_api v0.4.14
   Compiling miniz_oxide v0.8.9
   Compiling fdeflate v0.3.7
   Compiling raw-window-handle v0.6.2
   Compiling utf8_iter v1.0.4
   Compiling percent-encoding v2.3.2
   Compiling raw-window-handle v0.5.2
   Compiling glutin v0.31.3
   Compiling getrandom v0.2.17
   Compiling smol_str v0.2.2
   Compiling byteorder-lite v0.1.0
   Compiling ahash v0.8.12
   Compiling form_urlencoded v1.2.2
   Compiling num-traits v0.2.19
   Compiling memoffset v0.9.1
   Compiling unicode-segmentation v1.12.0
   Compiling cursor-icon v1.2.0
   Compiling error-code v3.3.2
   Compiling windows-targets v0.48.5
   Compiling rand_core v0.6.4
   Compiling glutin-winit v0.4.2
   Compiling libloading v0.8.9
   Compiling winapi v0.3.9
   Compiling zmij v1.0.21
   Compiling option-ext v0.2.0
   Compiling serde_json v1.0.149
   Compiling rfd v0.14.1
   Compiling web-time v0.2.4
   Compiling windows-targets v0.53.5
   Compiling glow v0.13.1
   Compiling anyhow v1.0.102
   Compiling windows-sys v0.48.0
   Compiling litrs v1.0.0
   Compiling itoa v1.0.17
   Compiling windows-sys v0.60.2
   Compiling clipboard-win v5.4.1
   Compiling static_assertions v1.1.0
   Compiling memchr v2.8.0
   Compiling gl_generator v0.14.0
   Compiling encoding_rs v0.8.35
   Compiling flate2 v1.1.9
   Compiling parking_lot v0.12.5
   Compiling document-features v0.2.12
   Compiling glutin_egl_sys v0.6.0
   Compiling glutin_wgl_sys v0.5.0
   Compiling syn v2.0.117
   Compiling pxfm v0.1.27
   Compiling owned_ttf_parser v0.25.1
   Compiling ab_glyph v0.2.32
   Compiling bitflags v2.11.0
   Compiling png v0.18.1
   Compiling toml v0.5.11
   Compiling synstructure v0.13.2
   Compiling zerovec-derive v0.11.2
   Compiling displaydoc v0.2.5
   Compiling serde_derive v1.0.228
   Compiling bytemuck_derive v1.10.2
   Compiling zerofrom-derive v0.1.6
   Compiling yoke-derive v0.8.1
   Compiling winres v0.1.12
   Compiling zerofrom v0.1.6
   Compiling petri_net_legacy_editor v0.7.115 (C:\Users\KDFX Modes\Desktop\PetriNet_Project\PetriNet)
   Compiling yoke v0.8.1
   Compiling zerotrie v0.2.3
   Compiling zerovec v0.11.5
   Compiling bytemuck v1.25.0
   Compiling ppv-lite86 v0.2.21
   Compiling moxcms v0.7.11
   Compiling dirs-sys v0.4.1
   Compiling tinystr v0.8.2
   Compiling potential_utf v0.1.4
   Compiling rand_chacha v0.3.1
   Compiling directories v5.0.1
   Compiling icu_collections v2.1.1
   Compiling icu_locale_core v2.1.1
   Compiling rand v0.8.5
   Compiling rand_distr v0.4.3
   Compiling icu_provider v2.1.1
   Compiling icu_properties v2.1.2
   Compiling icu_normalizer v2.1.1
   Compiling emath v0.28.1
   Compiling ron v0.8.1
   Compiling ecolor v0.28.1
   Compiling epaint v0.28.1
   Compiling idna_adapter v1.2.1
   Compiling idna v1.1.0
   Compiling url v2.5.8
   Compiling webbrowser v1.1.0
   Compiling image v0.25.9
   Compiling egui v0.28.1
   Compiling arboard v3.6.1
   Compiling egui_glow v0.28.1
   Compiling egui-winit v0.28.1
   Compiling eframe v0.28.1
error[E0425]: cannot find value `config` in this scope
  --> src\ui\property_selection.rs:44:17
   |
44 |     let title = config.label.unwrap_or_else(|| "".into());
   |                 ^^^^^^ not found in this scope

warning: unused import: `Id`
  --> src\ui\scroll_utils.rs:10:52
   |
10 | use egui::{self, scroll_area::ScrollBarVisibility, Id, Ui};
   |                                                    ^^
   |
   = note: `#[warn(unused_imports)]` (part of `#[warn(unused)]`) on by default

error[E0277]: expected a `FnOnce(&mut Ui)` closure, found `PropertySectionConfig`
   --> src\ui\app\tool_palette.rs:175:25
    |
172 |                       show_collapsible_property_section(
    |                       --------------------------------- required by a bound introduced by this call
...
175 | /                         PropertySectionConfig::new("new_element_props_place_section")
176 | |                             .default_open(true),
    | |_______________________________________________^ expected an `FnOnce(&mut Ui)` closure, found `PropertySectionConfig`
    |
help: the trait `for<'a> FnOnce(&'a mut Ui)` is not implemented for `PropertySectionConfig`
   --> src\ui\property_selection.rs:6:1
    |
  6 | pub(crate) struct PropertySectionConfig {
    | ^^^^^^^^^^^^^^^^^^^^^^^^^^^^^^^^^^^^^^^
note: required by a bound in `show_collapsible_property_section`
   --> src\ui\property_selection.rs:69:24
    |
 66 | pub(crate) fn show_collapsible_property_section<R>(
    |               --------------------------------- required by a bound in this function
...
 69 |     add_contents: impl FnOnce(&mut egui::Ui) -> R,
    |                        ^^^^^^^^^^^^^^^^^^^^^^^^^^ required by this bound in `show_collapsible_property_section`

error[E0061]: this function takes 3 arguments but 4 arguments were supplied
   --> src\ui\app\tool_palette.rs:172:21
    |
172 |                       show_collapsible_property_section(
    |                       ^^^^^^^^^^^^^^^^^^^^^^^^^^^^^^^^^
173 |                           ui,
174 |                           t("РќРѕРІС‹Рµ РїРѕР·РёС†РёРё", "New positions"),
    |                           ----------------------------------- expected `PropertySectionConfig`, found `&str`
...
177 | /                         |ui: &mut egui::Ui| {
178 | |                             egui::ComboBox::from_label(t("Р Р°Р·РјРµСЂ РїРѕР·РёС†РёРё", "Position size"))
179 | |                                 .selected_text(size_text(self.new_place_size))
180 | |                                 .show_ui(ui, |ui: &mut egui::Ui| {
...   |
224 | |                             self.new_place_capacity = if cap == 0 { None } else { Some(cap) };
225 | |                         },
    | |_________________________- unexpected argument #4 of type `{closure@src\ui\app\tool_palette.rs:177:25: 177:44}`
    |
note: function defined here
   --> src\ui\property_selection.rs:66:15
    |
 66 | pub(crate) fn show_collapsible_property_section<R>(
    |               ^^^^^^^^^^^^^^^^^^^^^^^^^^^^^^^^^
 67 |     ui: &mut egui::Ui,
 68 |     config: PropertySectionConfig,
    |     -----------------------------
help: remove the extra argument
    |
174 ~                         /* PropertySectionConfig */,
175 |                         PropertySectionConfig::new("new_element_props_place_section")
176 ~                             .default_open(true),
    |

error[E0277]: expected a `FnOnce(&mut Ui)` closure, found `PropertySectionConfig`
   --> src\ui\app\tool_palette.rs:231:25
    |
228 |                       show_collapsible_property_section(
    |                       --------------------------------- required by a bound introduced by this call
...
231 | /                         PropertySectionConfig::new("new_element_props_transition_section")
232 | |                             .default_open(true)
233 | |                             .top_spacing(6.0),
    | |_____________________________________________^ expected an `FnOnce(&mut Ui)` closure, found `PropertySectionConfig`
    |
help: the trait `for<'a> FnOnce(&'a mut Ui)` is not implemented for `PropertySectionConfig`
   --> src\ui\property_selection.rs:6:1
    |
  6 | pub(crate) struct PropertySectionConfig {
    | ^^^^^^^^^^^^^^^^^^^^^^^^^^^^^^^^^^^^^^^
note: required by a bound in `show_collapsible_property_section`
   --> src\ui\property_selection.rs:69:24
    |
 66 | pub(crate) fn show_collapsible_property_section<R>(
    |               --------------------------------- required by a bound in this function
...
 69 |     add_contents: impl FnOnce(&mut egui::Ui) -> R,
    |                        ^^^^^^^^^^^^^^^^^^^^^^^^^^ required by this bound in `show_collapsible_property_section`

error[E0061]: this function takes 3 arguments but 4 arguments were supplied
   --> src\ui\app\tool_palette.rs:228:21
    |
228 |                       show_collapsible_property_section(
    |                       ^^^^^^^^^^^^^^^^^^^^^^^^^^^^^^^^^
229 |                           ui,
230 |                           t("РќРѕРІС‹Рµ РїРµСЂРµС…РѕРґС‹", "New transitions"),
    |                           -------------------------------------- expected `PropertySectionConfig`, found `&str`
...
234 | /                         |ui: &mut egui::Ui| {
235 | |                             egui::ComboBox::from_label(t("Р Р°Р·РјРµСЂ РїРµСЂРµС…РѕРґР°", "Transition size"))
236 | |                                 .selected_text(size_text(self.new_transition_size))
237 | |                                 .show_ui(ui, |ui: &mut egui::Ui| {
...   |
268 | |                             self.new_transition_priority = transition_priority;
269 | |                         },
    | |_________________________- unexpected argument #4 of type `{closure@src\ui\app\tool_palette.rs:234:25: 234:44}`
    |
note: function defined here
   --> src\ui\property_selection.rs:66:15
    |
 66 | pub(crate) fn show_collapsible_property_section<R>(
    |               ^^^^^^^^^^^^^^^^^^^^^^^^^^^^^^^^^
 67 |     ui: &mut egui::Ui,
 68 |     config: PropertySectionConfig,
    |     -----------------------------
help: remove the extra argument
    |
230 ~                         /* PropertySectionConfig */,
231 |                         PropertySectionConfig::new("new_element_props_transition_section")
232 |                             .default_open(true)
233 ~                             .top_spacing(6.0),
    |

error[E0277]: expected a `FnOnce(&mut Ui)` closure, found `PropertySectionConfig`
   --> src\ui\app\tool_palette.rs:275:25
    |
272 |                       show_collapsible_property_section(
    |                       --------------------------------- required by a bound introduced by this call
...
275 | /                         PropertySectionConfig::new("new_element_props_arc_section")
276 | |                             .default_open(true)
277 | |                             .top_spacing(6.0),
    | |_____________________________________________^ expected an `FnOnce(&mut Ui)` closure, found `PropertySectionConfig`
    |
help: the trait `for<'a> FnOnce(&'a mut Ui)` is not implemented for `PropertySectionConfig`
   --> src\ui\property_selection.rs:6:1
    |
  6 | pub(crate) struct PropertySectionConfig {
    | ^^^^^^^^^^^^^^^^^^^^^^^^^^^^^^^^^^^^^^^
note: required by a bound in `show_collapsible_property_section`
   --> src\ui\property_selection.rs:69:24
    |
 66 | pub(crate) fn show_collapsible_property_section<R>(
    |               --------------------------------- required by a bound in this function
...
 69 |     add_contents: impl FnOnce(&mut egui::Ui) -> R,
    |                        ^^^^^^^^^^^^^^^^^^^^^^^^^^ required by this bound in `show_collapsible_property_section`

error[E0061]: this function takes 3 arguments but 4 arguments were supplied
   --> src\ui\app\tool_palette.rs:272:21
    |
272 |                       show_collapsible_property_section(
    |                       ^^^^^^^^^^^^^^^^^^^^^^^^^^^^^^^^^
273 |                           ui,
274 |                           t("РќРѕРІС‹Рµ РґСѓРіРё", "New arcs"),
    |                           --------------------------- expected `PropertySectionConfig`, found `&str`
...
278 | /                         |ui: &mut egui::Ui| {
279 | |                             let mut arc_weight = self.new_arc_weight;
280 | |                             corrected_inputs |= sanitize_u32(&mut arc_weight, 1, u32::MAX);
281 | |                             ui.horizontal(|ui: &mut egui::Ui| {
...   |
307 | |                         },
    | |_________________________- unexpected argument #4 of type `{closure@src\ui\app\tool_palette.rs:278:25: 278:44}`
    |
note: function defined here
   --> src\ui\property_selection.rs:66:15
    |
 66 | pub(crate) fn show_collapsible_property_section<R>(
    |               ^^^^^^^^^^^^^^^^^^^^^^^^^^^^^^^^^
 67 |     ui: &mut egui::Ui,
 68 |     config: PropertySectionConfig,
    |     -----------------------------
help: remove the extra argument
    |
274 ~                         /* PropertySectionConfig */,
275 |                         PropertySectionConfig::new("new_element_props_arc_section")
276 |                             .default_open(true)
277 ~                             .top_spacing(6.0),
    |

error[E0560]: struct `PropertySectionConfig` has no field named `label`
  --> src\ui\property_selection.rs:18:13
   |
18 |             label: None,
   |             ^^^^^ `PropertySectionConfig` does not have this field
   |
   = note: all struct fields are already assigned

error[E0615]: attempted to take value of method `label` on type `PropertySectionConfig`
  --> src\ui\property_selection.rs:33:14
   |
33 |         self.label = Some(value.into());
   |              ^^^^^ method, not a field
   |
   = help: methods are immutable and cannot be assigned to

error[E0615]: attempted to take value of method `label` on type `PropertySectionConfig`
  --> src\ui\property_selection.rs:75:24
   |
75 |     let title = config.label.unwrap_or_else(|| "".into());
   |                        ^^^^^ method, not a field
   |
help: use parentheses to call the method
   |
75 |     let title = config.label(_).unwrap_or_else(|| "".into());
   |                             +++

Some errors have detailed explanations: E0061, E0277, E0425, E0560, E0615.
For more information about an error, try `rustc --explain E0061`.
warning: `petri_net_legacy_editor` (lib) generated 1 warning
error: could not compile `petri_net_legacy_editor` (lib) due to 10 previous errors; 1 warning emitted
warning: build failed, waiting for other jobs to finish...
