build_portable_exe.ps1 failed: 20260309-133255
ProjectDir: C:\Users\KDFX Modes\Desktop\PetriNet_Project\PetriNet
Cargo: C:\Users\KDFX Modes\.cargo\bin\cargo.exe
CargoExitCode: 101

ERROR:
System.Management.Automation.RuntimeException: Cargo build failed with exit code 101

CARGO STDERR:
   Compiling proc-macro2 v1.0.106
   Compiling unicode-ident v1.0.24
   Compiling quote v1.0.44
   Compiling serde_core v1.0.228
   Compiling cfg-if v1.0.4
   Compiling stable_deref_trait v1.2.1
   Compiling autocfg v1.5.0
   Compiling windows_x86_64_msvc v0.48.5
   Compiling smallvec v1.15.1
   Compiling khronos_api v3.1.0
   Compiling zerocopy v0.8.40
   Compiling cfg_aliases v0.1.1
   Compiling serde v1.0.228
   Compiling libm v0.2.16
   Compiling log v0.4.29
   Compiling xml-rs v0.8.28
   Compiling windows-link v0.2.1
   Compiling litemap v0.8.1
   Compiling writeable v0.6.2
   Compiling icu_properties_data v2.1.2
   Compiling once_cell v1.21.3
   Compiling icu_normalizer_data v2.1.1
   Compiling crc32fast v1.5.0
   Compiling version_check v0.9.5
   Compiling simd-adler32 v0.3.8
   Compiling parking_lot_core v0.9.12
   Compiling adler2 v2.0.1
   Compiling ttf-parser v0.25.1
   Compiling scopeguard v1.2.0
   Compiling windows_x86_64_msvc v0.53.1
   Compiling ab_glyph_rasterizer v0.1.10
   Compiling winit v0.29.15
   Compiling nohash-hasher v0.2.0
   Compiling base64 v0.21.7
   Compiling lock_api v0.4.14
   Compiling raw-window-handle v0.6.2
   Compiling miniz_oxide v0.8.9
   Compiling fdeflate v0.3.7
   Compiling utf8_iter v1.0.4
   Compiling percent-encoding v2.3.2
   Compiling raw-window-handle v0.5.2
   Compiling glutin v0.31.3
   Compiling getrandom v0.2.17
   Compiling smol_str v0.2.2
   Compiling error-code v3.3.2
   Compiling ahash v0.8.12
   Compiling cursor-icon v1.2.0
   Compiling form_urlencoded v1.2.2
   Compiling unicode-segmentation v1.12.0
   Compiling num-traits v0.2.19
   Compiling memoffset v0.9.1
   Compiling byteorder-lite v0.1.0
   Compiling rand_core v0.6.4
   Compiling clipboard-win v5.4.1
   Compiling glutin-winit v0.4.2
   Compiling libloading v0.8.9
   Compiling windows-targets v0.48.5
   Compiling winapi v0.3.9
   Compiling option-ext v0.2.0
   Compiling zmij v1.0.21
   Compiling web-time v0.2.4
   Compiling anyhow v1.0.102
   Compiling windows-sys v0.48.0
   Compiling windows-targets v0.53.5
   Compiling glow v0.13.1
   Compiling serde_json v1.0.149
   Compiling litrs v1.0.0
   Compiling rfd v0.14.1
   Compiling windows-sys v0.60.2
   Compiling itoa v1.0.17
   Compiling memchr v2.8.0
   Compiling static_assertions v1.1.0
   Compiling encoding_rs v0.8.35
   Compiling gl_generator v0.14.0
   Compiling parking_lot v0.12.5
   Compiling flate2 v1.1.9
   Compiling document-features v0.2.12
   Compiling syn v2.0.117
   Compiling glutin_egl_sys v0.6.0
   Compiling glutin_wgl_sys v0.5.0
   Compiling pxfm v0.1.27
   Compiling owned_ttf_parser v0.25.1
   Compiling ab_glyph v0.2.32
   Compiling bitflags v2.11.0
   Compiling png v0.18.1
   Compiling synstructure v0.13.2
   Compiling toml v0.5.11
   Compiling zerovec-derive v0.11.2
   Compiling displaydoc v0.2.5
   Compiling serde_derive v1.0.228
   Compiling bytemuck_derive v1.10.2
   Compiling zerofrom-derive v0.1.6
   Compiling yoke-derive v0.8.1
   Compiling winres v0.1.12
   Compiling zerofrom v0.1.6
   Compiling yoke v0.8.1
   Compiling petri_net_legacy_editor v0.7.119 (C:\Users\KDFX Modes\Desktop\PetriNet_Project\PetriNet)
   Compiling zerotrie v0.2.3
   Compiling zerovec v0.11.5
   Compiling bytemuck v1.25.0
   Compiling ppv-lite86 v0.2.21
   Compiling tinystr v0.8.2
   Compiling potential_utf v0.1.4
   Compiling rand_chacha v0.3.1
   Compiling moxcms v0.7.11
   Compiling icu_collections v2.1.1
   Compiling icu_locale_core v2.1.1
   Compiling rand v0.8.5
   Compiling dirs-sys v0.4.1
   Compiling directories v5.0.1
   Compiling rand_distr v0.4.3
   Compiling icu_provider v2.1.1
   Compiling icu_normalizer v2.1.1
   Compiling icu_properties v2.1.2
   Compiling emath v0.28.1
   Compiling ron v0.8.1
   Compiling ecolor v0.28.1
   Compiling epaint v0.28.1
   Compiling idna_adapter v1.2.1
   Compiling idna v1.1.0
   Compiling url v2.5.8
   Compiling webbrowser v1.1.0
   Compiling egui v0.28.1
   Compiling image v0.25.9
   Compiling arboard v3.6.1
   Compiling egui-winit v0.28.1
   Compiling egui_glow v0.28.1
   Compiling eframe v0.28.1
error[E0425]: cannot find function `show_collapsible_property_section` in this scope
    --> src\ui\app\table_view.rs:1007:25
     |
1007 |                 let _ = show_collapsible_property_section(
     |                         ^^^^^^^^^^^^^^^^^^^^^^^^^^^^^^^^^ not found in this scope
     |
help: consider importing this function
     |
   1 + use crate::ui::property_selection::show_collapsible_property_section;
     |

error[E0433]: failed to resolve: use of undeclared type `PropertySectionConfig`
    --> src\ui\app\table_view.rs:1010:21
     |
1010 |                     PropertySectionConfig::new("place_stats_controls_section").default_open(true),
     |                     ^^^^^^^^^^^^^^^^^^^^^ use of undeclared type `PropertySectionConfig`
     |
help: a struct with a similar name exists
     |
1010 -                     PropertySectionConfig::new("place_stats_controls_section").default_open(true),
1010 +                     PropertyWindowConfig::new("place_stats_controls_section").default_open(true),
     |
help: consider importing this struct
     |
   1 + use crate::ui::property_selection::PropertySectionConfig;
     |

error[E0425]: cannot find function `show_collapsible_property_section` in this scope
    --> src\ui\app\table_view.rs:1102:25
     |
1102 |                 let _ = show_collapsible_property_section(
     |                         ^^^^^^^^^^^^^^^^^^^^^^^^^^^^^^^^^ not found in this scope
     |
help: consider importing this function
     |
   1 + use crate::ui::property_selection::show_collapsible_property_section;
     |

error[E0433]: failed to resolve: use of undeclared type `PropertySectionConfig`
    --> src\ui\app\table_view.rs:1105:21
     |
1105 |                     PropertySectionConfig::new("place_stats_graph_section").default_open(true).top_spacing(6.0),
     |                     ^^^^^^^^^^^^^^^^^^^^^ use of undeclared type `PropertySectionConfig`
     |
help: a struct with a similar name exists
     |
1105 -                     PropertySectionConfig::new("place_stats_graph_section").default_open(true).top_spacing(6.0),
1105 +                     PropertyWindowConfig::new("place_stats_graph_section").default_open(true).top_spacing(6.0),
     |
help: consider importing this struct
     |
   1 + use crate::ui::property_selection::PropertySectionConfig;
     |

error[E0609]: no field `show_struct_vectors` on type `&mut app::PetriApp`
  --> src\ui\app\table_view.rs:36:35
   |
36 |             ui.checkbox(&mut self.show_struct_vectors, vectors_label);
   |                                   ^^^^^^^^^^^^^^^^^^^ unknown field
   |
   = note: available fields are: `net`, `tool`, `canvas`, `sim_params`, `sim_result` ... and 79 others

error[E0609]: no field `show_struct_pre` on type `&mut app::PetriApp`
  --> src\ui\app\table_view.rs:37:35
   |
37 |             ui.checkbox(&mut self.show_struct_pre, pre_label);
   |                                   ^^^^^^^^^^^^^^^ unknown field
   |
   = note: available fields are: `net`, `tool`, `canvas`, `sim_params`, `sim_result` ... and 79 others

error[E0609]: no field `show_struct_post` on type `&mut app::PetriApp`
  --> src\ui\app\table_view.rs:38:35
   |
38 |             ui.checkbox(&mut self.show_struct_post, post_label);
   |                                   ^^^^^^^^^^^^^^^^ unknown field
   |
   = note: available fields are: `net`, `tool`, `canvas`, `sim_params`, `sim_result` ... and 79 others

error[E0609]: no field `show_struct_inhibitor` on type `&mut app::PetriApp`
  --> src\ui\app\table_view.rs:39:35
   |
39 |             ui.checkbox(&mut self.show_struct_inhibitor, inhibitor_label);
   |                                   ^^^^^^^^^^^^^^^^^^^^^ unknown field
   |
help: a field with a similar name exists
   |
39 -             ui.checkbox(&mut self.show_struct_inhibitor, inhibitor_label);
39 +             ui.checkbox(&mut self.new_arc_inhibitor, inhibitor_label);
   |

error[E0609]: no field `show_struct_vectors` on type `&mut app::PetriApp`
  --> src\ui\app\table_view.rs:58:21
   |
58 |             if self.show_struct_vectors {
   |                     ^^^^^^^^^^^^^^^^^^^ unknown field
   |
   = note: available fields are: `net`, `tool`, `canvas`, `sim_params`, `sim_result` ... and 79 others

error[E0609]: no field `show_struct_pre` on type `&mut app::PetriApp`
   --> src\ui\app\table_view.rs:169:21
    |
169 |             if self.show_struct_pre {
    |                     ^^^^^^^^^^^^^^^ unknown field
    |
    = note: available fields are: `net`, `tool`, `canvas`, `sim_params`, `sim_result` ... and 79 others

error[E0609]: no field `show_struct_post` on type `&mut app::PetriApp`
   --> src\ui\app\table_view.rs:219:21
    |
219 |             if self.show_struct_post {
    |                     ^^^^^^^^^^^^^^^^ unknown field
    |
    = note: available fields are: `net`, `tool`, `canvas`, `sim_params`, `sim_result` ... and 79 others

error[E0609]: no field `show_struct_inhibitor` on type `&mut app::PetriApp`
   --> src\ui\app\table_view.rs:269:21
    |
269 |             if self.show_struct_inhibitor {
    |                     ^^^^^^^^^^^^^^^^^^^^^ unknown field
    |
help: a field with a similar name exists
    |
269 -             if self.show_struct_inhibitor {
269 +             if self.new_arc_inhibitor {
    |

error[E0609]: no field `cycle_time` on type `std::sync::Arc<engine::SimulationResult>`
   --> src\ui\app\table_view.rs:427:51
    |
427 | ...                   ui.label(match result.cycle_time {
    |                                             ^^^^^^^^^^ unknown field
    |
    = note: available fields are: `logs`, `log_entries_total`, `log_sampling_stride`, `place_stats`, `place_flow` ... and 4 others

Some errors have detailed explanations: E0425, E0433, E0609.
For more information about an error, try `rustc --explain E0425`.
error: could not compile `petri_net_legacy_editor` (lib) due to 13 previous errors
warning: build failed, waiting for other jobs to finish...
