build_portable_exe.ps1 failed: 20260309-003422
ProjectDir: C:\Users\KDFX Modes\Desktop\PetriNet_Project\PetriNet
Cargo: C:\Users\KDFX Modes\.cargo\bin\cargo.exe
CargoExitCode: 101

ERROR:
System.Management.Automation.RuntimeException: Cargo build failed with exit code 101

CARGO STDERR:
   Compiling proc-macro2 v1.0.106
   Compiling unicode-ident v1.0.24
   Compiling quote v1.0.44
   Compiling serde_core v1.0.228
   Compiling cfg-if v1.0.4
   Compiling stable_deref_trait v1.2.1
   Compiling autocfg v1.5.0
   Compiling windows_x86_64_msvc v0.48.5
   Compiling khronos_api v3.1.0
   Compiling smallvec v1.15.1
   Compiling zerocopy v0.8.40
   Compiling serde v1.0.228
   Compiling cfg_aliases v0.1.1
   Compiling litemap v0.8.1
   Compiling xml-rs v0.8.28
   Compiling windows-link v0.2.1
   Compiling log v0.4.29
   Compiling writeable v0.6.2
   Compiling libm v0.2.16
   Compiling icu_normalizer_data v2.1.1
   Compiling icu_properties_data v2.1.2
   Compiling once_cell v1.21.3
   Compiling simd-adler32 v0.3.8
   Compiling parking_lot_core v0.9.12
   Compiling crc32fast v1.5.0
   Compiling version_check v0.9.5
   Compiling windows_x86_64_msvc v0.53.1
   Compiling adler2 v2.0.1
   Compiling ttf-parser v0.25.1
   Compiling scopeguard v1.2.0
   Compiling ab_glyph_rasterizer v0.1.10
   Compiling raw-window-handle v0.6.2
   Compiling winit v0.29.15
   Compiling nohash-hasher v0.2.0
   Compiling lock_api v0.4.14
   Compiling miniz_oxide v0.8.9
   Compiling fdeflate v0.3.7
   Compiling raw-window-handle v0.5.2
   Compiling utf8_iter v1.0.4
   Compiling base64 v0.21.7
   Compiling percent-encoding v2.3.2
   Compiling glutin v0.31.3
   Compiling getrandom v0.2.17
   Compiling byteorder-lite v0.1.0
   Compiling unicode-segmentation v1.12.0
   Compiling error-code v3.3.2
   Compiling ahash v0.8.12
   Compiling cursor-icon v1.2.0
   Compiling num-traits v0.2.19
   Compiling memoffset v0.9.1
   Compiling form_urlencoded v1.2.2
   Compiling smol_str v0.2.2
   Compiling rand_core v0.6.4
   Compiling glutin-winit v0.4.2
   Compiling windows-targets v0.48.5
   Compiling clipboard-win v5.4.1
   Compiling libloading v0.8.9
   Compiling winapi v0.3.9
   Compiling zmij v1.0.21
   Compiling option-ext v0.2.0
   Compiling anyhow v1.0.102
   Compiling windows-targets v0.53.5
   Compiling windows-sys v0.48.0
   Compiling web-time v0.2.4
   Compiling rfd v0.14.1
   Compiling glow v0.13.1
   Compiling serde_json v1.0.149
   Compiling gl_generator v0.14.0
   Compiling windows-sys v0.60.2
   Compiling litrs v1.0.0
   Compiling itoa v1.0.17
   Compiling flate2 v1.1.9
   Compiling memchr v2.8.0
   Compiling static_assertions v1.1.0
   Compiling parking_lot v0.12.5
   Compiling encoding_rs v0.8.35
   Compiling glutin_egl_sys v0.6.0
   Compiling glutin_wgl_sys v0.5.0
   Compiling document-features v0.2.12
   Compiling syn v2.0.117
   Compiling pxfm v0.1.27
   Compiling owned_ttf_parser v0.25.1
   Compiling ab_glyph v0.2.32
   Compiling bitflags v2.11.0
   Compiling png v0.18.1
   Compiling synstructure v0.13.2
   Compiling toml v0.5.11
   Compiling zerovec-derive v0.11.2
   Compiling displaydoc v0.2.5
   Compiling bytemuck_derive v1.10.2
   Compiling serde_derive v1.0.228
   Compiling zerofrom-derive v0.1.6
   Compiling yoke-derive v0.8.1
   Compiling zerofrom v0.1.6
   Compiling yoke v0.8.1
   Compiling winres v0.1.12
   Compiling zerotrie v0.2.3
   Compiling zerovec v0.11.5
   Compiling petri_net_legacy_editor v0.7.114 (C:\Users\KDFX Modes\Desktop\PetriNet_Project\PetriNet)
   Compiling bytemuck v1.25.0
   Compiling ppv-lite86 v0.2.21
   Compiling tinystr v0.8.2
   Compiling potential_utf v0.1.4
   Compiling moxcms v0.7.11
   Compiling icu_collections v2.1.1
   Compiling rand_chacha v0.3.1
   Compiling dirs-sys v0.4.1
   Compiling icu_locale_core v2.1.1
   Compiling directories v5.0.1
   Compiling rand v0.8.5
   Compiling icu_provider v2.1.1
   Compiling rand_distr v0.4.3
   Compiling icu_normalizer v2.1.1
   Compiling icu_properties v2.1.2
   Compiling emath v0.28.1
   Compiling ron v0.8.1
   Compiling ecolor v0.28.1
   Compiling epaint v0.28.1
   Compiling idna_adapter v1.2.1
   Compiling idna v1.1.0
   Compiling url v2.5.8
   Compiling webbrowser v1.1.0
   Compiling egui v0.28.1
   Compiling image v0.25.9
   Compiling arboard v3.6.1
   Compiling egui_glow v0.28.1
   Compiling egui-winit v0.28.1
   Compiling eframe v0.28.1
warning: unused import: `Id`
  --> src\ui\scroll_utils.rs:10:52
   |
10 | use egui::{self, scroll_area::ScrollBarVisibility, Id, Ui};
   |                                                    ^^
   |
   = note: `#[warn(unused_imports)]` (part of `#[warn(unused)]`) on by default

error[E0599]: no method named `label` found for struct `PropertySectionConfig` in the current scope
   --> src\ui\app\petri_app\drawing\draw_markov_window.rs:123:18
    |
122 | /             PropertySectionConfig::new("markov_stationary_section")
123 | |                 .label(self.tr("РЎС‚Р°С†РёРѕРЅР°СЂРЅРѕРµ СЂР°СЃРїСЂРµРґРµР»РµРЅРёРµ", "Stationary distribution"))
    | |                 -^^^^^ method not found in `PropertySectionConfig`
    | |_________________|
    |
    |
   ::: src\ui\property_selection.rs:9:1
    |
  9 |   pub(crate) struct PropertySectionConfig {
    |   --------------------------------------- method `label` not found for this struct

error[E0061]: this function takes 4 arguments but 3 arguments were supplied
   --> src\ui\app\petri_app\drawing\draw_markov_window.rs:120:17
    |
120 |           let _ = show_collapsible_property_section(
    |                   ^^^^^^^^^^^^^^^^^^^^^^^^^^^^^^^^^
...
125 | /             |ui| {
126 | |                 if let Some(stationary) = stationary {
127 | |                     self.draw_markov_stationary_grid(ui, chain, stationary);
128 | |                 } else {
...   |
134 | |             },
    | |_____________- argument #3 of type `PropertySectionConfig` is missing
    |
note: function defined here
   --> src\ui\property_selection.rs:69:15
    |
 69 | pub(crate) fn show_collapsible_property_section<R>(
    |               ^^^^^^^^^^^^^^^^^^^^^^^^^^^^^^^^^
...
 72 |     config: PropertySectionConfig,
    |     -----------------------------
help: provide the argument
    |
120 |         let _ = show_collapsible_property_section(
...
124 |                 .default_open(false),
125 ~             /* PropertySectionConfig */,
126 ~             |ui| {
    |

error[E0599]: no method named `label` found for struct `PropertySectionConfig` in the current scope
   --> src\ui\app\petri_app\drawing\draw_markov_window.rs:140:18
    |
139 | /             PropertySectionConfig::new("markov_state_graph_section")
140 | |                 .label(self.tr("Р“СЂР°С„ СЃРѕСЃС‚РѕСЏРЅРёР№", "State graph"))
    | |                 -^^^^^ method not found in `PropertySectionConfig`
    | |_________________|
    |
    |
   ::: src\ui\property_selection.rs:9:1
    |
  9 |   pub(crate) struct PropertySectionConfig {
    |   --------------------------------------- method `label` not found for this struct

error[E0061]: this function takes 4 arguments but 3 arguments were supplied
   --> src\ui\app\petri_app\drawing\draw_markov_window.rs:137:17
    |
137 |           let _ = show_collapsible_property_section(
    |                   ^^^^^^^^^^^^^^^^^^^^^^^^^^^^^^^^^
...
142 | /             |ui| {
143 | |                 self.draw_markov_state_graph(ui, chain);
144 | |             },
    | |_____________- argument #3 of type `PropertySectionConfig` is missing
    |
note: function defined here
   --> src\ui\property_selection.rs:69:15
    |
 69 | pub(crate) fn show_collapsible_property_section<R>(
    |               ^^^^^^^^^^^^^^^^^^^^^^^^^^^^^^^^^
...
 72 |     config: PropertySectionConfig,
    |     -----------------------------
help: provide the argument
    |
137 |         let _ = show_collapsible_property_section(
...
141 |                 .default_open(false),
142 ~             /* PropertySectionConfig */,
143 ~             |ui| {
    |

error[E0599]: no method named `label` found for struct `PropertySectionConfig` in the current scope
   --> src\ui\app\petri_app\drawing\draw_markov_window.rs:150:18
    |
149 | /             PropertySectionConfig::new("markov_highlight_section")
150 | |                 .label(self.tr("РћС‚РѕР±СЂР°Р¶РµРЅРёРµ РјР°СЂРєРѕРІСЃРєРѕР№ РјРµС‚РєРё", "Markov highlight display"))
    | |                 -^^^^^ method not found in `PropertySectionConfig`
    | |_________________|
    |
    |
   ::: src\ui\property_selection.rs:9:1
    |
  9 |   pub(crate) struct PropertySectionConfig {
    |   --------------------------------------- method `label` not found for this struct

error[E0061]: this function takes 4 arguments but 3 arguments were supplied
   --> src\ui\app\petri_app\drawing\draw_markov_window.rs:147:17
    |
147 |           let _ = show_collapsible_property_section(
    |                   ^^^^^^^^^^^^^^^^^^^^^^^^^^^^^^^^^
...
152 | /             |ui| {
153 | |                 self.draw_markov_highlight(ui, chain, stationary);
154 | |             },
    | |_____________- argument #3 of type `PropertySectionConfig` is missing
    |
note: function defined here
   --> src\ui\property_selection.rs:69:15
    |
 69 | pub(crate) fn show_collapsible_property_section<R>(
    |               ^^^^^^^^^^^^^^^^^^^^^^^^^^^^^^^^^
...
 72 |     config: PropertySectionConfig,
    |     -----------------------------
help: provide the argument
    |
147 |         let _ = show_collapsible_property_section(
...
151 |                 .default_open(false),
152 ~             /* PropertySectionConfig */,
153 ~             |ui| {
    |

error[E0599]: no method named `label` found for struct `PropertySectionConfig` in the current scope
   --> src\ui\app\table_view.rs:126:26
    |
124 | /                     PropertySectionConfig::new("m0")
125 | |                         .default_open(true)
126 | |                         .label(label_m0.clone()),
    | |                         -^^^^^ method not found in `PropertySectionConfig`
    | |_________________________|
    |
    |
   ::: src\ui\property_selection.rs:9:1
    |
  9 |   pub(crate) struct PropertySectionConfig {
    |   --------------------------------------- method `label` not found for this struct

error[E0061]: this function takes 4 arguments but 3 arguments were supplied
   --> src\ui\app\table_view.rs:122:17
    |
122 |                   show_collapsible_property_section(
    |                   ^^^^^^^^^^^^^^^^^^^^^^^^^^^^^^^^^
...
127 | /                     |ui: &mut egui::Ui| {
128 | |                         // Compute dynamic height relative to available space (max 60% up to predefined vector height).
129 | |                         let avail_height = ui.available_height();
130 | |                         let dynamic_height = (avail_height * 0.6).min(vector_scroll_height);
...   |
154 | |                         );
155 | |                     },
    | |_____________________- argument #3 of type `PropertySectionConfig` is missing
    |
note: function defined here
   --> src\ui\property_selection.rs:69:15
    |
 69 | pub(crate) fn show_collapsible_property_section<R>(
    |               ^^^^^^^^^^^^^^^^^^^^^^^^^^^^^^^^^
...
 72 |     config: PropertySectionConfig,
    |     -----------------------------
help: provide the argument
    |
122 |                 show_collapsible_property_section(
...
126 |                         .label(label_m0.clone()),
127 ~                     /* PropertySectionConfig */,
128 ~                     |ui: &mut egui::Ui| {
    |

error[E0599]: no method named `label` found for struct `PropertySectionConfig` in the current scope
   --> src\ui\app\table_view.rs:165:26
    |
163 | /                     PropertySectionConfig::new("mo")
164 | |                         .default_open(true)
165 | |                         .label(label_mo.clone()),
    | |                         -^^^^^ method not found in `PropertySectionConfig`
    | |_________________________|
    |
    |
   ::: src\ui\property_selection.rs:9:1
    |
  9 |   pub(crate) struct PropertySectionConfig {
    |   --------------------------------------- method `label` not found for this struct

error[E0061]: this function takes 4 arguments but 3 arguments were supplied
   --> src\ui\app\table_view.rs:161:17
    |
161 |                   show_collapsible_property_section(
    |                   ^^^^^^^^^^^^^^^^^^^^^^^^^^^^^^^^^
...
166 | /                     |ui: &mut egui::Ui| {
167 | |                         let avail_height = ui.available_height();
168 | |                         let dynamic_height = (avail_height * 0.6).min(vector_scroll_height);
169 | |                         Self::scroll_area_rows(
...   |
198 | |                         );
199 | |                     },
    | |_____________________- argument #3 of type `PropertySectionConfig` is missing
    |
note: function defined here
   --> src\ui\property_selection.rs:69:15
    |
 69 | pub(crate) fn show_collapsible_property_section<R>(
    |               ^^^^^^^^^^^^^^^^^^^^^^^^^^^^^^^^^
...
 72 |     config: PropertySectionConfig,
    |     -----------------------------
help: provide the argument
    |
161 |                 show_collapsible_property_section(
...
165 |                         .label(label_mo.clone()),
166 ~                     /* PropertySectionConfig */,
167 ~                     |ui: &mut egui::Ui| {
    |

error[E0599]: no method named `label` found for struct `PropertySectionConfig` in the current scope
   --> src\ui\app\table_view.rs:209:26
    |
207 | /                     PropertySectionConfig::new("mz")
208 | |                         .default_open(true)
209 | |                         .label(label_mz.clone()),
    | |                         -^^^^^ method not found in `PropertySectionConfig`
    | |_________________________|
    |
    |
   ::: src\ui\property_selection.rs:9:1
    |
  9 |   pub(crate) struct PropertySectionConfig {
    |   --------------------------------------- method `label` not found for this struct

error[E0061]: this function takes 4 arguments but 3 arguments were supplied
   --> src\ui\app\table_view.rs:205:17
    |
205 |                   show_collapsible_property_section(
    |                   ^^^^^^^^^^^^^^^^^^^^^^^^^^^^^^^^^
...
210 | /                     |ui: &mut egui::Ui| {
211 | |                         let avail_height = ui.available_height();
212 | |                         let dynamic_height = (avail_height * 0.6).min(vector_scroll_height);
213 | |                         Self::scroll_area_rows(
...   |
237 | |                         );
238 | |                     },
    | |_____________________- argument #3 of type `PropertySectionConfig` is missing
    |
note: function defined here
   --> src\ui\property_selection.rs:69:15
    |
 69 | pub(crate) fn show_collapsible_property_section<R>(
    |               ^^^^^^^^^^^^^^^^^^^^^^^^^^^^^^^^^
...
 72 |     config: PropertySectionConfig,
    |     -----------------------------
help: provide the argument
    |
205 |                 show_collapsible_property_section(
...
209 |                         .label(label_mz.clone()),
210 ~                     /* PropertySectionConfig */,
211 ~                     |ui: &mut egui::Ui| {
    |

error[E0599]: no method named `label` found for struct `PropertySectionConfig` in the current scope
   --> src\ui\app\table_view.rs:248:26
    |
246 | /                     PropertySectionConfig::new("mpr")
247 | |                         .default_open(true)
248 | |                         .label(label_mpr.clone()),
    | |                         -^^^^^ method not found in `PropertySectionConfig`
    | |_________________________|
    |
    |
   ::: src\ui\property_selection.rs:9:1
    |
  9 |   pub(crate) struct PropertySectionConfig {
    |   --------------------------------------- method `label` not found for this struct

error[E0061]: this function takes 4 arguments but 3 arguments were supplied
   --> src\ui\app\table_view.rs:244:17
    |
244 |                   show_collapsible_property_section(
    |                   ^^^^^^^^^^^^^^^^^^^^^^^^^^^^^^^^^
...
249 | /                     |ui: &mut egui::Ui| {
250 | |                         let avail_height = ui.available_height();
251 | |                         let dynamic_height = (avail_height * 0.6).min(vector_scroll_height);
252 | |                         Self::scroll_area_rows(
...   |
275 | |                         );
276 | |                     },
    | |_____________________- argument #3 of type `PropertySectionConfig` is missing
    |
note: function defined here
   --> src\ui\property_selection.rs:69:15
    |
 69 | pub(crate) fn show_collapsible_property_section<R>(
    |               ^^^^^^^^^^^^^^^^^^^^^^^^^^^^^^^^^
...
 72 |     config: PropertySectionConfig,
    |     -----------------------------
help: provide the argument
    |
244 |                 show_collapsible_property_section(
...
248 |                         .label(label_mpr.clone()),
249 ~                     /* PropertySectionConfig */,
250 ~                     |ui: &mut egui::Ui| {
    |

error[E0599]: no method named `label` found for struct `PropertySectionConfig` in the current scope
   --> src\ui\app\table_view.rs:291:26
    |
289 | /                     PropertySectionConfig::new("pre_matrix")
290 | |                         .default_open(false)
291 | |                         .label(label_pre.clone()),
    | |                         -^^^^^ method not found in `PropertySectionConfig`
    | |_________________________|
    |
    |
   ::: src\ui\property_selection.rs:9:1
    |
  9 |   pub(crate) struct PropertySectionConfig {
    |   --------------------------------------- method `label` not found for this struct

error[E0061]: this function takes 4 arguments but 3 arguments were supplied
   --> src\ui\app\table_view.rs:287:17
    |
287 |                   show_collapsible_property_section(
    |                   ^^^^^^^^^^^^^^^^^^^^^^^^^^^^^^^^^
...
292 | /                     |ui: &mut egui::Ui| {
293 | |                         // Import button
294 | |                         ui.horizontal(|ui| {
295 | |                             if ui.small_button(label_import_csv.clone()).clicked() {
...   |
343 | |                         );
344 | |                     },
    | |_____________________- argument #3 of type `PropertySectionConfig` is missing
    |
note: function defined here
   --> src\ui\property_selection.rs:69:15
    |
 69 | pub(crate) fn show_collapsible_property_section<R>(
    |               ^^^^^^^^^^^^^^^^^^^^^^^^^^^^^^^^^
...
 72 |     config: PropertySectionConfig,
    |     -----------------------------
help: provide the argument
    |
287 |                 show_collapsible_property_section(
...
291 |                         .label(label_pre.clone()),
292 ~                     /* PropertySectionConfig */,
293 ~                     |ui: &mut egui::Ui| {
    |

error[E0599]: no method named `label` found for struct `PropertySectionConfig` in the current scope
   --> src\ui\app\table_view.rs:358:26
    |
356 | /                     PropertySectionConfig::new("post_matrix")
357 | |                         .default_open(false)
358 | |                         .label(label_post.clone()),
    | |                         -^^^^^ method not found in `PropertySectionConfig`
    | |_________________________|
    |
    |
   ::: src\ui\property_selection.rs:9:1
    |
  9 |   pub(crate) struct PropertySectionConfig {
    |   --------------------------------------- method `label` not found for this struct

error[E0061]: this function takes 4 arguments but 3 arguments were supplied
   --> src\ui\app\table_view.rs:354:17
    |
354 |                   show_collapsible_property_section(
    |                   ^^^^^^^^^^^^^^^^^^^^^^^^^^^^^^^^^
...
359 | /                     |ui: &mut egui::Ui| {
360 | |                         ui.horizontal(|ui| {
361 | |                             if ui.small_button(label_import_csv.clone()).clicked() {
362 | |                                 self.import_matrix_csv(MatrixCsvTarget::Post);
...   |
408 | |                         );
409 | |                     },
    | |_____________________- argument #3 of type `PropertySectionConfig` is missing
    |
note: function defined here
   --> src\ui\property_selection.rs:69:15
    |
 69 | pub(crate) fn show_collapsible_property_section<R>(
    |               ^^^^^^^^^^^^^^^^^^^^^^^^^^^^^^^^^
...
 72 |     config: PropertySectionConfig,
    |     -----------------------------
help: provide the argument
    |
354 |                 show_collapsible_property_section(
...
358 |                         .label(label_post.clone()),
359 ~                     /* PropertySectionConfig */,
360 ~                     |ui: &mut egui::Ui| {
    |

error[E0599]: no method named `label` found for struct `PropertySectionConfig` in the current scope
   --> src\ui\app\table_view.rs:423:26
    |
421 | /                     PropertySectionConfig::new("inh_matrix")
422 | |                         .default_open(false)
423 | |                         .label(label_inh.clone()),
    | |                         -^^^^^ method not found in `PropertySectionConfig`
    | |_________________________|
    |
    |
   ::: src\ui\property_selection.rs:9:1
    |
  9 |   pub(crate) struct PropertySectionConfig {
    |   --------------------------------------- method `label` not found for this struct

error[E0061]: this function takes 4 arguments but 3 arguments were supplied
   --> src\ui\app\table_view.rs:419:17
    |
419 |                   show_collapsible_property_section(
    |                   ^^^^^^^^^^^^^^^^^^^^^^^^^^^^^^^^^
...
424 | /                     |ui: &mut egui::Ui| {
425 | |                         ui.horizontal(|ui| {
426 | |                             if ui.small_button(label_import_csv.clone()).clicked() {
427 | |                                 self.import_matrix_csv(MatrixCsvTarget::Inhibitor);
...   |
473 | |                         );
474 | |                     },
    | |_____________________- argument #3 of type `PropertySectionConfig` is missing
    |
note: function defined here
   --> src\ui\property_selection.rs:69:15
    |
 69 | pub(crate) fn show_collapsible_property_section<R>(
    |               ^^^^^^^^^^^^^^^^^^^^^^^^^^^^^^^^^
...
 72 |     config: PropertySectionConfig,
    |     -----------------------------
help: provide the argument
    |
419 |                 show_collapsible_property_section(
...
423 |                         .label(label_inh.clone()),
424 ~                     /* PropertySectionConfig */,
425 ~                     |ui: &mut egui::Ui| {
    |

error[E0599]: no method named `label` found for struct `PropertySectionConfig` in the current scope
   --> src\ui\app\table_view.rs:664:38
    |
662 | / ...                   PropertySectionConfig::new("results_log_section")
663 | | ...                       .default_open(true)
664 | | ...                       .label(self.tr("Р–СѓСЂРЅР°Р» (С‚Р°Р±Р»РёС†Р°)", "Log (table)")),
    | |                           -^^^^^ method not found in `PropertySectionConfig`
    | |___________________________|
    |
    |
   ::: src\ui\property_selection.rs:9:1
    |
  9 |   pub(crate) struct PropertySectionConfig {
    |   --------------------------------------- method `label` not found for this struct

error[E0282]: type annotations needed
   --> src\ui\app\table_view.rs:665:34
    |
665 | ...                   |ui| {
    |                        ^^
666 | ...                       // Export CSV button
667 | ...                       ui.horizontal(|ui| {
    |                           -- type must be known at this point
    |
help: consider giving this closure parameter an explicit type
    |
665 |                                 |ui: /* Type */| {
    |                                    ++++++++++++

error[E0282]: type annotations needed
   --> src\ui\app\table_view.rs:667:52
    |
667 | ...                   ui.horizontal(|ui| {
    |                                      ^^
668 | ...                       if ui.button(self.tr("Р­РєСЃРїРѕСЂС‚ CSV", "Export CSV")).clicked()
    |                              -- type must be known at this point
    |
help: consider giving this closure parameter an explicit type
    |
667 |                                     ui.horizontal(|ui: /* Type */| {
    |                                                      ++++++++++++

error[E0599]: no method named `label` found for struct `PropertySectionConfig` in the current scope
   --> src\ui\app\table_view.rs:793:46
    |
791 | / ...                   PropertySectionConfig::new("results_marker_stats_section")
792 | | ...                       .default_open(true)
793 | | ...                       .label(self.tr(
    | |                           -^^^^^ method not found in `PropertySectionConfig`
    | |___________________________|
    |
    |
   ::: src\ui\property_selection.rs:9:1
    |
  9 |   pub(crate) struct PropertySectionConfig {
    |   --------------------------------------- method `label` not found for this struct

error[E0061]: this function takes 4 arguments but 3 arguments were supplied
   --> src\ui\app\table_view.rs:789:37
    |
789 |   ...                   show_collapsible_property_section(
    |                         ^^^^^^^^^^^^^^^^^^^^^^^^^^^^^^^^^
...
797 | / ...                       |ui| {
798 | | ...                           // Header
799 | | ...                           egui::Grid::new("stats_grid_header")
800 | | ...                               .striped(true)
...   |
831 | | ...                           );
832 | | ...                       },
    | |___________________________- argument #3 of type `PropertySectionConfig` is missing
    |
note: function defined here
   --> src\ui\property_selection.rs:69:15
    |
 69 | pub(crate) fn show_collapsible_property_section<R>(
    |               ^^^^^^^^^^^^^^^^^^^^^^^^^^^^^^^^^
...
 72 |     config: PropertySectionConfig,
    |     -----------------------------
help: provide the argument
    |
789 |                                     show_collapsible_property_section(
...
796 |                                             )),
797 ~                                         /* PropertySectionConfig */,
798 ~                                         |ui| {
    |

error[E0599]: no method named `label` found for struct `PropertySectionConfig` in the current scope
   --> src\ui\app\table_view.rs:868:46
    |
866 | / ...                   PropertySectionConfig::new("results_flow_section")
867 | | ...                       .default_open(true)
868 | | ...                       .label(
    | |                           -^^^^^ method not found in `PropertySectionConfig`
    | |___________________________|
    |
    |
   ::: src\ui\property_selection.rs:9:1
    |
  9 |   pub(crate) struct PropertySectionConfig {
    |   --------------------------------------- method `label` not found for this struct

error[E0061]: this function takes 4 arguments but 3 arguments were supplied
   --> src\ui\app\table_view.rs:864:37
    |
864 |   ...                   show_collapsible_property_section(
    |                         ^^^^^^^^^^^^^^^^^^^^^^^^^^^^^^^^^
...
871 | / ...                       |ui| {
872 | | ...                           egui::Grid::new("flow_grid_header").striped(true).show(
873 | | ...                               ui,
874 | | ...                               |ui| {
...   |
902 | | ...                           );
903 | | ...                       },
    | |___________________________- argument #3 of type `PropertySectionConfig` is missing
    |
note: function defined here
   --> src\ui\property_selection.rs:69:15
    |
 69 | pub(crate) fn show_collapsible_property_section<R>(
    |               ^^^^^^^^^^^^^^^^^^^^^^^^^^^^^^^^^
...
 72 |     config: PropertySectionConfig,
    |     -----------------------------
help: provide the argument
    |
864 |                                     show_collapsible_property_section(
...
870 |                                             ),
871 ~                                         /* PropertySectionConfig */,
872 ~                                         |ui| {
    |

error[E0599]: no method named `label` found for struct `PropertySectionConfig` in the current scope
   --> src\ui\app\table_view.rs:939:46
    |
937 | / ...                   PropertySectionConfig::new("results_load_section")
938 | | ...                       .default_open(true)
939 | | ...                       .label(self.tr("Р—Р°РіСЂСѓР¶РµРЅРЅРѕСЃС‚СЊ", "Load")),
    | |                           -^^^^^ method not found in `PropertySectionConfig`
    | |___________________________|
    |
    |
   ::: src\ui\property_selection.rs:9:1
    |
  9 |   pub(crate) struct PropertySectionConfig {
    |   --------------------------------------- method `label` not found for this struct

error[E0061]: this function takes 4 arguments but 3 arguments were supplied
   --> src\ui\app\table_view.rs:935:37
    |
935 |   ...                   show_collapsible_property_section(
    |                         ^^^^^^^^^^^^^^^^^^^^^^^^^^^^^^^^^
...
940 | / ...                       |ui| {
941 | | ...                           egui::Grid::new("load_grid_header").striped(true).show(
942 | | ...                               ui,
943 | | ...                               |ui| {
...   |
982 | | ...                           );
983 | | ...                       },
    | |___________________________- argument #3 of type `PropertySectionConfig` is missing
    |
note: function defined here
   --> src\ui\property_selection.rs:69:15
    |
 69 | pub(crate) fn show_collapsible_property_section<R>(
    |               ^^^^^^^^^^^^^^^^^^^^^^^^^^^^^^^^^
...
 72 |     config: PropertySectionConfig,
    |     -----------------------------
help: provide the argument
    |
935 |                                     show_collapsible_property_section(
...
939 |                                             .label(self.tr("Р—Р°РіСЂСѓР¶РµРЅРЅРѕСЃС‚СЊ", "Load")),
940 ~                                         /* PropertySectionConfig */,
941 ~                                         |ui| {
    |

Some errors have detailed explanations: E0061, E0282, E0599.
For more information about an error, try `rustc --explain E0061`.
warning: `petri_net_legacy_editor` (lib) generated 1 warning
error: could not compile `petri_net_legacy_editor` (lib) due to 29 previous errors; 1 warning emitted
warning: build failed, waiting for other jobs to finish...
