build_portable_exe.ps1 failed: 20260308-231147
ProjectDir: C:\Users\KDFX Modes\Desktop\PetriNet_Project\PetriNet
Cargo: C:\Users\KDFX Modes\.cargo\bin\cargo.exe
CargoExitCode: 101

ERROR:
System.Management.Automation.RuntimeException: Cargo build failed with exit code 101

CARGO STDERR:
   Compiling petri_net_legacy_editor v0.7.108 (C:\Users\KDFX Modes\Desktop\PetriNet_Project\PetriNet)
warning: unused import: `Id`
  --> src\ui\scroll_utils.rs:10:52
   |
10 | use egui::{self, scroll_area::ScrollBarVisibility, Id, Ui};
   |                                                    ^^
   |
   = note: `#[warn(unused_imports)]` (part of `#[warn(unused)]`) on by default

error[E0560]: struct `PropertySectionConfig` has no field named `label`
  --> src\ui\app\table_view.rs:87:17
   |
87 |                 label: self.tr(label_ru, label_en),
   |                 ^^^^^ `PropertySectionConfig` does not have this field
   |
   = note: available fields are: `top_spacing`

error[E0277]: the trait bound `WidgetText: From<PropertySectionConfig>` is not satisfied
  --> src\ui\app\table_view.rs:92:51
   |
92 |             show_collapsible_property_section(ui, config, |ui| {
   |             ---------------------------------     ^^^^^^ the trait `From<PropertySectionConfig>` is not implemented for `WidgetText`
   |             |
   |             required by a bound introduced by this call
   |
   = help: the following other types implement trait `From<T>`:
             `WidgetText` implements `From<&std::string::String>`
             `WidgetText` implements `From<&str>`
             `WidgetText` implements `From<egui::RichText>`
             `WidgetText` implements `From<egui::text::LayoutJob>`
             `WidgetText` implements `From<std::borrow::Cow<'_, str>>`
             `WidgetText` implements `From<std::string::String>`
             `WidgetText` implements `From<std::sync::Arc<egui::Galley>>`
   = note: required for `PropertySectionConfig` to implement `Into<WidgetText>`
note: required by a bound in `show_collapsible_property_section`
  --> src\ui\property_selection.rs:71:17
   |
69 | pub(crate) fn show_collapsible_property_section<R>(
   |               --------------------------------- required by a bound in this function
70 |     ui: &mut egui::Ui,
71 |     title: impl Into<egui::WidgetText>,
   |                 ^^^^^^^^^^^^^^^^^^^^^^ required by this bound in `show_collapsible_property_section`

error[E0599]: no function or associated item named `scroll_area_rows` found for struct `app::PetriApp` in the current scope
   --> src\ui\app\table_view.rs:96:23
    |
 96 |                 Self::scroll_area_rows(
    |                       ^^^^^^^^^^^^^^^^ function or associated item not found in `app::PetriApp`
    |
   ::: src\ui\app.rs:344:1
    |
344 | pub struct PetriApp {
    | ------------------- function or associated item `scroll_area_rows` not found for this struct
    |
note: if you're trying to build a new `app::PetriApp`, consider using `new::<impl app::PetriApp>::new` which returns `app::PetriApp`
   --> src\ui\app\petri_app\file_ops\new.rs:4:5
    |
  4 |     pub fn new(_cc: &eframe::CreationContext<'_>) -> Self {
    |     ^^^^^^^^^^^^^^^^^^^^^^^^^^^^^^^^^^^^^^^^^^^^^^^^^^^^^

error[E0282]: type annotations needed
   --> src\ui\app\table_view.rs:102:22
    |
102 |                     |ui, rows| {
    |                      ^^
103 |                         // Reset minimum width so the grid spans the available width.
104 |                         ui.set_min_width(0.0);
    |                         -- type must be known at this point
    |
help: consider giving this closure parameter an explicit type
    |
102 |                     |ui: /* Type */, rows| {
    |                        ++++++++++++

error[E0061]: this function takes 4 arguments but 3 arguments were supplied
   --> src\ui\app\table_view.rs:92:13
    |
 92 |               show_collapsible_property_section(ui, config, |ui| {
    |  _____________^^^^^^^^^^^^^^^^^^^^^^^^^^^^^^^^^_____________-
...   |
107 | |                 );
108 | |             });
    | |_____________- argument #3 of type `PropertySectionConfig` is missing
    |
note: function defined here
   --> src\ui\property_selection.rs:69:15
    |
 69 | pub(crate) fn show_collapsible_property_section<R>(
    |               ^^^^^^^^^^^^^^^^^^^^^^^^^^^^^^^^^
...
 72 |     config: PropertySectionConfig,
    |     -----------------------------
help: provide the argument
    |
 92 |             show_collapsible_property_section(ui, config, /* PropertySectionConfig */, |ui| {
    |                                                           ++++++++++++++++++++++++++++

error[E0560]: struct `PropertySectionConfig` has no field named `label`
   --> src\ui\app\table_view.rs:123:17
    |
123 |                 label: self.tr(label_ru, label_en),
    |                 ^^^^^ `PropertySectionConfig` does not have this field
    |
    = note: available fields are: `top_spacing`

error[E0277]: the trait bound `WidgetText: From<PropertySectionConfig>` is not satisfied
   --> src\ui\app\table_view.rs:126:51
    |
126 |             show_collapsible_property_section(ui, config, |ui| {
    |             ---------------------------------     ^^^^^^ the trait `From<PropertySectionConfig>` is not implemented for `WidgetText`
    |             |
    |             required by a bound introduced by this call
    |
    = help: the following other types implement trait `From<T>`:
              `WidgetText` implements `From<&std::string::String>`
              `WidgetText` implements `From<&str>`
              `WidgetText` implements `From<egui::RichText>`
              `WidgetText` implements `From<egui::text::LayoutJob>`
              `WidgetText` implements `From<std::borrow::Cow<'_, str>>`
              `WidgetText` implements `From<std::string::String>`
              `WidgetText` implements `From<std::sync::Arc<egui::Galley>>`
    = note: required for `PropertySectionConfig` to implement `Into<WidgetText>`
note: required by a bound in `show_collapsible_property_section`
   --> src\ui\property_selection.rs:71:17
    |
 69 | pub(crate) fn show_collapsible_property_section<R>(
    |               --------------------------------- required by a bound in this function
 70 |     ui: &mut egui::Ui,
 71 |     title: impl Into<egui::WidgetText>,
    |                 ^^^^^^^^^^^^^^^^^^^^^^ required by this bound in `show_collapsible_property_section`

error[E0282]: type annotations needed
   --> src\ui\app\table_view.rs:126:60
    |
126 |             show_collapsible_property_section(ui, config, |ui| {
    |                                                            ^^
...
130 |                     ui.horizontal(|ui| {
    |                     -- type must be known at this point
    |
help: consider giving this closure parameter an explicit type
    |
126 |             show_collapsible_property_section(ui, config, |ui: /* Type */| {
    |                                                              ++++++++++++

error[E0282]: type annotations needed
   --> src\ui\app\table_view.rs:130:36
    |
130 |                     ui.horizontal(|ui| {
    |                                    ^^
131 |                         if ui
    |                            -- type must be known at this point
    |
help: consider giving this closure parameter an explicit type
    |
130 |                     ui.horizontal(|ui: /* Type */| {
    |                                      ++++++++++++

error[E0599]: no function or associated item named `scroll_area_rows` found for struct `app::PetriApp` in the current scope
   --> src\ui\app\table_view.rs:142:23
    |
142 |                 Self::scroll_area_rows(
    |                       ^^^^^^^^^^^^^^^^ function or associated item not found in `app::PetriApp`
    |
   ::: src\ui\app.rs:344:1
    |
344 | pub struct PetriApp {
    | ------------------- function or associated item `scroll_area_rows` not found for this struct
    |
note: if you're trying to build a new `app::PetriApp`, consider using `new::<impl app::PetriApp>::new` which returns `app::PetriApp`
   --> src\ui\app\petri_app\file_ops\new.rs:4:5
    |
  4 |     pub fn new(_cc: &eframe::CreationContext<'_>) -> Self {
    |     ^^^^^^^^^^^^^^^^^^^^^^^^^^^^^^^^^^^^^^^^^^^^^^^^^^^^^

error[E0282]: type annotations needed
   --> src\ui\app\table_view.rs:148:22
    |
148 |                     |ui, rows| {
    |                      ^^
149 |                         ui.set_min_width(0.0);
    |                         -- type must be known at this point
    |
help: consider giving this closure parameter an explicit type
    |
148 |                     |ui: /* Type */, rows| {
    |                        ++++++++++++

error[E0277]: no implementation for `bool |= std::option::Option<_>`
   --> src\ui\app\table_view.rs:255:30
    |
255 |             matrices_changed |= pre_changed;
    |                              ^^ no implementation for `bool |= std::option::Option<_>`
    |
    = help: the trait `BitOrAssign<std::option::Option<_>>` is not implemented for `bool`
help: the following other types implement trait `BitOrAssign<Rhs>`
   --> /rustc/01f6ddf7588f42ae2d7eb0a2f21d44e8e96674cf\library\core\src\ops\bit.rs:830:1
    |
    = note: `bool` implements `BitOrAssign<&bool>`
    |
    = note: `bool` implements `BitOrAssign`
    = note: this error originates in the macro `forward_ref_op_assign` which comes from the expansion of the macro `bitor_assign_impl` (in Nightly builds, run with -Z macro-backtrace for more info)

error[E0277]: no implementation for `bool |= std::option::Option<_>`
   --> src\ui\app\table_view.rs:290:30
    |
290 |             matrices_changed |= post_changed;
    |                              ^^ no implementation for `bool |= std::option::Option<_>`
    |
    = help: the trait `BitOrAssign<std::option::Option<_>>` is not implemented for `bool`
help: the following other types implement trait `BitOrAssign<Rhs>`
   --> /rustc/01f6ddf7588f42ae2d7eb0a2f21d44e8e96674cf\library\core\src\ops\bit.rs:830:1
    |
    = note: `bool` implements `BitOrAssign<&bool>`
    |
    = note: `bool` implements `BitOrAssign`
    = note: this error originates in the macro `forward_ref_op_assign` which comes from the expansion of the macro `bitor_assign_impl` (in Nightly builds, run with -Z macro-backtrace for more info)

error[E0277]: no implementation for `bool |= std::option::Option<_>`
   --> src\ui\app\table_view.rs:325:30
    |
325 |             matrices_changed |= inh_changed;
    |                              ^^ no implementation for `bool |= std::option::Option<_>`
    |
    = help: the trait `BitOrAssign<std::option::Option<_>>` is not implemented for `bool`
help: the following other types implement trait `BitOrAssign<Rhs>`
   --> /rustc/01f6ddf7588f42ae2d7eb0a2f21d44e8e96674cf\library\core\src\ops\bit.rs:830:1
    |
    = note: `bool` implements `BitOrAssign<&bool>`
    |
    = note: `bool` implements `BitOrAssign`
    = note: this error originates in the macro `forward_ref_op_assign` which comes from the expansion of the macro `bitor_assign_impl` (in Nightly builds, run with -Z macro-backtrace for more info)

error[E0560]: struct `PropertySectionConfig` has no field named `label`
   --> src\ui\app\table_view.rs:509:37
    |
509 | ...                   label: self.tr("Р–СѓСЂРЅР°Р» (С‚Р°Р±Р»РёС†Р°)", "Log (table)"),
    |                       ^^^^^ `PropertySectionConfig` does not have this field
    |
    = note: available fields are: `top_spacing`

error[E0277]: the trait bound `WidgetText: From<PropertySectionConfig>` is not satisfied
   --> src\ui\app\table_view.rs:507:33
    |
505 |   ...                   show_collapsible_property_section(
    |                         --------------------------------- required by a bound introduced by this call
506 |   ...                       ui,
507 | / ...                       PropertySectionConfig {
508 | | ...                           id: egui::Id::new("results_log_section"),
509 | | ...                           label: self.tr("Р–СѓСЂРЅР°Р» (С‚Р°Р±Р»РёС†Р°)", "Log (table)"),
510 | | ...                           default_open: true,
511 | | ...                       },
    | |___________________________^ the trait `From<PropertySectionConfig>` is not implemented for `WidgetText`
    |
    = help: the following other types implement trait `From<T>`:
              `WidgetText` implements `From<&std::string::String>`
              `WidgetText` implements `From<&str>`
              `WidgetText` implements `From<egui::RichText>`
              `WidgetText` implements `From<egui::text::LayoutJob>`
              `WidgetText` implements `From<std::borrow::Cow<'_, str>>`
              `WidgetText` implements `From<std::string::String>`
              `WidgetText` implements `From<std::sync::Arc<egui::Galley>>`
    = note: required for `PropertySectionConfig` to implement `Into<WidgetText>`
note: required by a bound in `show_collapsible_property_section`
   --> src\ui\property_selection.rs:71:17
    |
 69 | pub(crate) fn show_collapsible_property_section<R>(
    |               --------------------------------- required by a bound in this function
 70 |     ui: &mut egui::Ui,
 71 |     title: impl Into<egui::WidgetText>,
    |                 ^^^^^^^^^^^^^^^^^^^^^^ required by this bound in `show_collapsible_property_section`

error[E0282]: type annotations needed
   --> src\ui\app\table_view.rs:512:34
    |
512 | ...                   |ui| {
    |                        ^^
513 | ...                       // Export CSV button
514 | ...                       ui.horizontal(|ui| {
    |                           -- type must be known at this point
    |
help: consider giving this closure parameter an explicit type
    |
512 |                                 |ui: /* Type */| {
    |                                    ++++++++++++

error[E0282]: type annotations needed
   --> src\ui\app\table_view.rs:514:52
    |
514 | ...                   ui.horizontal(|ui| {
    |                                      ^^
515 | ...                       if ui.button(self.tr("Р­РєСЃРїРѕСЂС‚ CSV", "Export CSV")).clicked()
    |                              -- type must be known at this point
    |
help: consider giving this closure parameter an explicit type
    |
514 |                                     ui.horizontal(|ui: /* Type */| {
    |                                                      ++++++++++++

error[E0560]: struct `PropertySectionConfig` has no field named `label`
   --> src\ui\app\table_view.rs:634:45
    |
634 | ...                   label: self.tr(
    |                       ^^^^^ `PropertySectionConfig` does not have this field
    |
    = note: available fields are: `top_spacing`

error[E0277]: the trait bound `WidgetText: From<PropertySectionConfig>` is not satisfied
   --> src\ui\app\table_view.rs:632:41
    |
630 |   ...                   show_collapsible_property_section(
    |                         --------------------------------- required by a bound introduced by this call
631 |   ...                       ui,
632 | / ...                       PropertySectionConfig {
633 | | ...                           id: egui::Id::new("results_marker_stats_section"),
634 | | ...                           label: self.tr(
635 | | ...                               "РЎС‚Р°С‚РёСЃС‚РёРєР° РјР°СЂРєРµСЂРѕРІ (min/max/avg)",
...   |
638 | | ...                           default_open: true,
639 | | ...                       },
    | |___________________________^ the trait `From<PropertySectionConfig>` is not implemented for `WidgetText`
    |
    = help: the following other types implement trait `From<T>`:
              `WidgetText` implements `From<&std::string::String>`
              `WidgetText` implements `From<&str>`
              `WidgetText` implements `From<egui::RichText>`
              `WidgetText` implements `From<egui::text::LayoutJob>`
              `WidgetText` implements `From<std::borrow::Cow<'_, str>>`
              `WidgetText` implements `From<std::string::String>`
              `WidgetText` implements `From<std::sync::Arc<egui::Galley>>`
    = note: required for `PropertySectionConfig` to implement `Into<WidgetText>`
note: required by a bound in `show_collapsible_property_section`
   --> src\ui\property_selection.rs:71:17
    |
 69 | pub(crate) fn show_collapsible_property_section<R>(
    |               --------------------------------- required by a bound in this function
 70 |     ui: &mut egui::Ui,
 71 |     title: impl Into<egui::WidgetText>,
    |                 ^^^^^^^^^^^^^^^^^^^^^^ required by this bound in `show_collapsible_property_section`

error[E0061]: this function takes 4 arguments but 3 arguments were supplied
   --> src\ui\app\table_view.rs:630:37
    |
630 |   ...                   show_collapsible_property_section(
    |                         ^^^^^^^^^^^^^^^^^^^^^^^^^^^^^^^^^
...
640 | / ...                       |ui| {
641 | | ...                           // Header
642 | | ...                           egui::Grid::new("stats_grid_header")
643 | | ...                               .striped(true)
...   |
672 | | ...                           );
673 | | ...                       },
    | |___________________________- argument #3 of type `PropertySectionConfig` is missing
    |
note: function defined here
   --> src\ui\property_selection.rs:69:15
    |
 69 | pub(crate) fn show_collapsible_property_section<R>(
    |               ^^^^^^^^^^^^^^^^^^^^^^^^^^^^^^^^^
...
 72 |     config: PropertySectionConfig,
    |     -----------------------------
help: provide the argument
    |
630 |                                     show_collapsible_property_section(
...
639 |                                         },
640 ~                                         /* PropertySectionConfig */,
641 ~                                         |ui| {
    |

error[E0560]: struct `PropertySectionConfig` has no field named `label`
   --> src\ui\app\table_view.rs:707:45
    |
707 | ...                   label: self.tr("РџРѕС‚РѕРєРё (РІС…РѕРґ/РІС‹С…РѕРґ)", "Flows (in/out)"),
    |                       ^^^^^ `PropertySectionConfig` does not have this field
    |
    = note: available fields are: `top_spacing`

error[E0277]: the trait bound `WidgetText: From<PropertySectionConfig>` is not satisfied
   --> src\ui\app\table_view.rs:705:41
    |
703 |   ...                   show_collapsible_property_section(
    |                         --------------------------------- required by a bound introduced by this call
704 |   ...                       ui,
705 | / ...                       PropertySectionConfig {
706 | | ...                           id: egui::Id::new("results_flow_section"),
707 | | ...                           label: self.tr("РџРѕС‚РѕРєРё (РІС…РѕРґ/РІС‹С…РѕРґ)", "Flows (in/out)"),
708 | | ...                           default_open: true,
709 | | ...                       },
    | |___________________________^ the trait `From<PropertySectionConfig>` is not implemented for `WidgetText`
    |
    = help: the following other types implement trait `From<T>`:
              `WidgetText` implements `From<&std::string::String>`
              `WidgetText` implements `From<&str>`
              `WidgetText` implements `From<egui::RichText>`
              `WidgetText` implements `From<egui::text::LayoutJob>`
              `WidgetText` implements `From<std::borrow::Cow<'_, str>>`
              `WidgetText` implements `From<std::string::String>`
              `WidgetText` implements `From<std::sync::Arc<egui::Galley>>`
    = note: required for `PropertySectionConfig` to implement `Into<WidgetText>`
note: required by a bound in `show_collapsible_property_section`
   --> src\ui\property_selection.rs:71:17
    |
 69 | pub(crate) fn show_collapsible_property_section<R>(
    |               --------------------------------- required by a bound in this function
 70 |     ui: &mut egui::Ui,
 71 |     title: impl Into<egui::WidgetText>,
    |                 ^^^^^^^^^^^^^^^^^^^^^^ required by this bound in `show_collapsible_property_section`

error[E0061]: this function takes 4 arguments but 3 arguments were supplied
   --> src\ui\app\table_view.rs:703:37
    |
703 |   ...                   show_collapsible_property_section(
    |                         ^^^^^^^^^^^^^^^^^^^^^^^^^^^^^^^^^
...
710 | / ...                       |ui| {
711 | | ...                           egui::Grid::new("flow_grid_header")
712 | | ...                               .striped(true)
713 | | ...                               .show(ui, |ui| {
...   |
739 | | ...                           );
740 | | ...                       },
    | |___________________________- argument #3 of type `PropertySectionConfig` is missing
    |
note: function defined here
   --> src\ui\property_selection.rs:69:15
    |
 69 | pub(crate) fn show_collapsible_property_section<R>(
    |               ^^^^^^^^^^^^^^^^^^^^^^^^^^^^^^^^^
...
 72 |     config: PropertySectionConfig,
    |     -----------------------------
help: provide the argument
    |
703 |                                     show_collapsible_property_section(
...
709 |                                         },
710 ~                                         /* PropertySectionConfig */,
711 ~                                         |ui| {
    |

error[E0560]: struct `PropertySectionConfig` has no field named `label`
   --> src\ui\app\table_view.rs:774:45
    |
774 | ...                   label: self.tr("Р—Р°РіСЂСѓР¶РµРЅРЅРѕСЃС‚СЊ", "Load"),
    |                       ^^^^^ `PropertySectionConfig` does not have this field
    |
    = note: available fields are: `top_spacing`

error[E0277]: the trait bound `WidgetText: From<PropertySectionConfig>` is not satisfied
   --> src\ui\app\table_view.rs:772:41
    |
770 |   ...                   show_collapsible_property_section(
    |                         --------------------------------- required by a bound introduced by this call
771 |   ...                       ui,
772 | / ...                       PropertySectionConfig {
773 | | ...                           id: egui::Id::new("results_load_section"),
774 | | ...                           label: self.tr("Р—Р°РіСЂСѓР¶РµРЅРЅРѕСЃС‚СЊ", "Load"),
775 | | ...                           default_open: true,
776 | | ...                       },
    | |___________________________^ the trait `From<PropertySectionConfig>` is not implemented for `WidgetText`
    |
    = help: the following other types implement trait `From<T>`:
              `WidgetText` implements `From<&std::string::String>`
              `WidgetText` implements `From<&str>`
              `WidgetText` implements `From<egui::RichText>`
              `WidgetText` implements `From<egui::text::LayoutJob>`
              `WidgetText` implements `From<std::borrow::Cow<'_, str>>`
              `WidgetText` implements `From<std::string::String>`
              `WidgetText` implements `From<std::sync::Arc<egui::Galley>>`
    = note: required for `PropertySectionConfig` to implement `Into<WidgetText>`
note: required by a bound in `show_collapsible_property_section`
   --> src\ui\property_selection.rs:71:17
    |
 69 | pub(crate) fn show_collapsible_property_section<R>(
    |               --------------------------------- required by a bound in this function
 70 |     ui: &mut egui::Ui,
 71 |     title: impl Into<egui::WidgetText>,
    |                 ^^^^^^^^^^^^^^^^^^^^^^ required by this bound in `show_collapsible_property_section`

error[E0061]: this function takes 4 arguments but 3 arguments were supplied
   --> src\ui\app\table_view.rs:770:37
    |
770 |   ...                   show_collapsible_property_section(
    |                         ^^^^^^^^^^^^^^^^^^^^^^^^^^^^^^^^^
...
777 | / ...                       |ui| {
778 | | ...                           egui::Grid::new("load_grid_header")
779 | | ...                               .striped(true)
780 | | ...                               .show(ui, |ui| {
...   |
816 | | ...                           );
817 | | ...                       },
    | |___________________________- argument #3 of type `PropertySectionConfig` is missing
    |
note: function defined here
   --> src\ui\property_selection.rs:69:15
    |
 69 | pub(crate) fn show_collapsible_property_section<R>(
    |               ^^^^^^^^^^^^^^^^^^^^^^^^^^^^^^^^^
...
 72 |     config: PropertySectionConfig,
    |     -----------------------------
help: provide the argument
    |
770 |                                     show_collapsible_property_section(
...
776 |                                         },
777 ~                                         /* PropertySectionConfig */,
778 ~                                         |ui| {
    |

error[E0599]: no method named `draw_place_statistics_window` found for mutable reference `&mut app::PetriApp` in the current scope
   --> src\ui\app.rs:742:14
    |
742 |         self.draw_place_statistics_window(ctx);
    |              ^^^^^^^^^^^^^^^^^^^^^^^^^^^^
    |
help: there is a method `draw_place_props_window` with a similar name, but with different arguments
   --> src\ui\app\petri_app\drawing\draw_place_props_window.rs:12:5
    |
 12 | /     pub(in crate::ui::app) fn draw_place_props_window(
 13 | |         &mut self,
 14 | |         ctx: &egui::Context,
 15 | |         place_id: u64,
 16 | |         title: String,
 17 | |     ) -> bool {
    | |_____________^

Some errors have detailed explanations: E0061, E0277, E0282, E0560, E0599.
For more information about an error, try `rustc --explain E0061`.
warning: `petri_net_legacy_editor` (lib) generated 1 warning
error: could not compile `petri_net_legacy_editor` (lib) due to 28 previous errors; 1 warning emitted
