build_portable_exe.ps1 failed: 20260308-202526
ProjectDir: C:\Users\KDFX Modes\Desktop\PetriNet_Project\PetriNet
Cargo: C:\Users\KDFX Modes\.cargo\bin\cargo.exe
CargoExitCode: 101

ERROR:
System.Management.Automation.RuntimeException: Cargo build failed with exit code 101

CARGO STDERR:
   Compiling proc-macro2 v1.0.106
   Compiling quote v1.0.44
   Compiling unicode-ident v1.0.24
   Compiling serde_core v1.0.228
   Compiling cfg-if v1.0.4
   Compiling stable_deref_trait v1.2.1
   Compiling autocfg v1.5.0
   Compiling windows_x86_64_msvc v0.48.5
   Compiling smallvec v1.15.1
   Compiling zerocopy v0.8.40
   Compiling khronos_api v3.1.0
   Compiling serde v1.0.228
   Compiling cfg_aliases v0.1.1
   Compiling litemap v0.8.1
   Compiling writeable v0.6.2
   Compiling xml-rs v0.8.28
   Compiling log v0.4.29
   Compiling windows-link v0.2.1
   Compiling libm v0.2.16
   Compiling icu_normalizer_data v2.1.1
   Compiling once_cell v1.21.3
   Compiling icu_properties_data v2.1.2
   Compiling simd-adler32 v0.3.8
   Compiling version_check v0.9.5
   Compiling parking_lot_core v0.9.12
   Compiling crc32fast v1.5.0
   Compiling windows_x86_64_msvc v0.53.1
   Compiling ttf-parser v0.25.1
   Compiling adler2 v2.0.1
   Compiling scopeguard v1.2.0
   Compiling ab_glyph_rasterizer v0.1.10
   Compiling winit v0.29.15
   Compiling nohash-hasher v0.2.0
   Compiling raw-window-handle v0.5.2
   Compiling lock_api v0.4.14
   Compiling miniz_oxide v0.8.9
   Compiling fdeflate v0.3.7
   Compiling base64 v0.21.7
   Compiling raw-window-handle v0.6.2
   Compiling percent-encoding v2.3.2
   Compiling utf8_iter v1.0.4
   Compiling glutin v0.31.3
   Compiling getrandom v0.2.17
   Compiling unicode-segmentation v1.12.0
   Compiling smol_str v0.2.2
   Compiling cursor-icon v1.2.0
   Compiling byteorder-lite v0.1.0
   Compiling ahash v0.8.12
   Compiling form_urlencoded v1.2.2
   Compiling error-code v3.3.2
   Compiling num-traits v0.2.19
   Compiling memoffset v0.9.1
   Compiling rand_core v0.6.4
   Compiling glutin-winit v0.4.2
   Compiling windows-targets v0.48.5
   Compiling windows-targets v0.53.5
   Compiling libloading v0.8.9
   Compiling zmij v1.0.21
   Compiling winapi v0.3.9
   Compiling option-ext v0.2.0
   Compiling clipboard-win v5.4.1
   Compiling web-time v0.2.4
   Compiling windows-sys v0.48.0
   Compiling windows-sys v0.60.2
   Compiling anyhow v1.0.102
   Compiling glow v0.13.1
   Compiling rfd v0.14.1
   Compiling litrs v1.0.0
   Compiling serde_json v1.0.149
   Compiling static_assertions v1.1.0
   Compiling memchr v2.8.0
   Compiling itoa v1.0.17
   Compiling gl_generator v0.14.0
   Compiling flate2 v1.1.9
   Compiling parking_lot v0.12.5
   Compiling encoding_rs v0.8.35
   Compiling document-features v0.2.12
   Compiling syn v2.0.117
   Compiling glutin_egl_sys v0.6.0
   Compiling glutin_wgl_sys v0.5.0
   Compiling pxfm v0.1.27
   Compiling owned_ttf_parser v0.25.1
   Compiling ab_glyph v0.2.32
   Compiling bitflags v2.11.0
   Compiling png v0.18.1
   Compiling toml v0.5.11
   Compiling synstructure v0.13.2
   Compiling zerovec-derive v0.11.2
   Compiling displaydoc v0.2.5
   Compiling bytemuck_derive v1.10.2
   Compiling serde_derive v1.0.228
   Compiling zerofrom-derive v0.1.6
   Compiling yoke-derive v0.8.1
   Compiling winres v0.1.12
   Compiling zerofrom v0.1.6
   Compiling petri_net_legacy_editor v0.7.96 (C:\Users\KDFX Modes\Desktop\PetriNet_Project\PetriNet)
   Compiling yoke v0.8.1
   Compiling zerotrie v0.2.3
   Compiling zerovec v0.11.5
   Compiling bytemuck v1.25.0
   Compiling ppv-lite86 v0.2.21
   Compiling moxcms v0.7.11
   Compiling tinystr v0.8.2
   Compiling potential_utf v0.1.4
   Compiling icu_collections v2.1.1
   Compiling rand_chacha v0.3.1
   Compiling icu_locale_core v2.1.1
   Compiling dirs-sys v0.4.1
   Compiling directories v5.0.1
   Compiling rand v0.8.5
   Compiling icu_provider v2.1.1
   Compiling rand_distr v0.4.3
   Compiling icu_normalizer v2.1.1
   Compiling icu_properties v2.1.2
   Compiling emath v0.28.1
   Compiling ron v0.8.1
   Compiling ecolor v0.28.1
   Compiling epaint v0.28.1
   Compiling idna_adapter v1.2.1
   Compiling idna v1.1.0
   Compiling url v2.5.8
   Compiling webbrowser v1.1.0
   Compiling egui v0.28.1
   Compiling image v0.25.9
   Compiling arboard v3.6.1
   Compiling egui_glow v0.28.1
   Compiling egui-winit v0.28.1
   Compiling eframe v0.28.1
error[E0432]: unresolved import `crate::ui::scroll_utils`
 --> src\ui\app\petri_app\drawing\draw_debug_window.rs:6:5
  |
6 | use crate::ui::scroll_utils;
  |     ^^^^^^^^^^^^^^^^^^^^^^^ no `scroll_utils` in `ui`

error[E0432]: unresolved import `crate::ui::scroll_utils`
 --> src\ui\app\petri_app\drawing\draw_markov_window.rs:5:5
  |
5 | use crate::ui::scroll_utils;
  |     ^^^^^^^^^^^^^^^^^^^^^^^ no `scroll_utils` in `ui`

error[E0432]: unresolved import `crate::ui::scroll_utils`
 --> src\ui\property_selection.rs:5:5
  |
5 | use crate::ui::scroll_utils;
  |     ^^^^^^^^^^^^^^^^^^^^^^^ no `scroll_utils` in `ui`

warning: unused import: `scroll_area`
 --> src\ui\app\petri_app\drawing\draw_markov_window.rs:2:12
  |
2 | use egui::{scroll_area, Color32, RichText, Vec2};
  |            ^^^^^^^^^^^
  |
  = note: `#[warn(unused_imports)]` (part of `#[warn(unused)]`) on by default

error[E0282]: type annotations needed
   --> src\ui\app\petri_app\drawing\draw_debug_window.rs:166:50
    |
166 | ...                   ui.label(entry.marking[idx].to_string());
    |                                ^^^^^^^^^^^^^^^^^^ cannot infer type

error[E0282]: type annotations needed
   --> src\ui\app\petri_app\drawing\draw_markov_window.rs:186:14
    |
186 |             |ui, idx| {
    |              ^^
187 |                 let value = stationary[idx];
188 |                 ui.horizontal(|ui| {
    |                 -- type must be known at this point
    |
help: consider giving this closure parameter an explicit type
    |
186 |             |ui: /* Type */, idx| {
    |                ++++++++++++

error[E0282]: type annotations needed
   --> src\ui\app\petri_app\drawing\draw_markov_window.rs:188:32
    |
188 |                 ui.horizontal(|ui| {
    |                                ^^
189 |                     ui.label(format!("S{}", idx + 1));
    |                     -- type must be known at this point
    |
help: consider giving this closure parameter an explicit type
    |
188 |                 ui.horizontal(|ui: /* Type */| {
    |                                  ++++++++++++

error[E0271]: type mismatch resolving `<usize as SliceIndex<[Vec<u32>]>>::Output == [u32]`
   --> src\ui\app\petri_app\drawing\draw_markov_window.rs:191:60
    |
191 |                         self.draw_state_marking_table(ui, &chain.states[idx], idx);
    |                                                            ^^^^^^^^^^^^^^^^^ expected `[u32]`, found `Vec<u32>`
    |
    = note: expected slice `[u32]`
              found struct `std::vec::Vec<u32>`

error[E0282]: type annotations needed
   --> src\ui\app\petri_app\drawing\draw_markov_window.rs:217:79
    |
217 |         scroll_utils::show_list_with_scroll(ui, "markov_state_graph", 320.0, |ui| {
    |                                                                               ^^
218 |             if chain.transitions.is_empty() {
219 |                 ui.label(self.tr("РџРµСЂРµС…РѕРґРѕРІ РЅРµ РЅР°Р№РґРµРЅРѕ", "No transitions detected"));
    |                 -- type must be known at this point
    |
help: consider giving this closure parameter an explicit type
    |
217 |         scroll_utils::show_list_with_scroll(ui, "markov_state_graph", 320.0, |ui: /* Type */| {
    |                                                                                 ++++++++++++

error[E0282]: type annotations needed
   --> src\ui\app\petri_app\drawing\draw_markov_window.rs:224:32
    |
224 |                 ui.horizontal(|ui| {
    |                                ^^
225 |                     ui.label(format!("S{}", idx + 1));
    |                     -- type must be known at this point
    |
help: consider giving this closure parameter an explicit type
    |
224 |                 ui.horizontal(|ui: /* Type */| {
    |                                  ++++++++++++

error[E0282]: type annotations needed
   --> src\ui\app\petri_app\drawing\draw_markov_window.rs:226:72
    |
226 |                     ui.allocate_ui(Vec2::new(transitions_width, 0.0), |ui| {
    |                                                                        ^^
227 |                         if edges.is_empty() {
228 |                             ui.label(self.tr("РџРµСЂРµС…РѕРґРѕРІ РЅРµС‚", "No transitions"));
    |                             -- type must be known at this point
    |
help: consider giving this closure parameter an explicit type
    |
226 |                     ui.allocate_ui(Vec2::new(transitions_width, 0.0), |ui: /* Type */| {
    |                                                                          ++++++++++++

error[E0282]: type annotations needed
   --> src\ui\app\petri_app\drawing\draw_markov_window.rs:232:42
    |
232 | ...                   ui.vertical(|ui| {
    |                                    ^^
...
240 | ...                           ui.add_sized(
    |                               -- type must be known at this point
    |
help: consider giving this closure parameter an explicit type
    |
232 |                             ui.vertical(|ui: /* Type */| {
    |                                            ++++++++++++

error[E0282]: type annotations needed
   --> src\ui\app\petri_app\drawing\draw_markov_window.rs:287:86
    |
287 |         scroll_utils::show_list_with_scroll(ui, "markov_place_distribution", 320.0, |ui| {
    |                                                                                      ^^
288 |             for (place_idx, place) in &markov_highlight_places {
289 |                 ui.group(|ui| {
    |                 -- type must be known at this point
    |
help: consider giving this closure parameter an explicit type
    |
287 |         scroll_utils::show_list_with_scroll(ui, "markov_place_distribution", 320.0, |ui: /* Type */| {
    |                                                                                        ++++++++++++

error[E0282]: type annotations needed
   --> src\ui\app\petri_app\drawing\draw_markov_window.rs:289:27
    |
289 |                 ui.group(|ui| {
    |                           ^^
...
296 |                     ui.label(format!(
    |                     -- type must be known at this point
    |
help: consider giving this closure parameter an explicit type
    |
289 |                 ui.group(|ui: /* Type */| {
    |                             ++++++++++++

error[E0282]: type annotations needed
   --> src\ui\app\petri_app\drawing\draw_markov_window.rs:318:44
    |
318 | ...                   ui.horizontal(|ui| {
    |                                      ^^
319 | ...                       ui.label(format!(
    |                           -- type must be known at this point
    |
help: consider giving this closure parameter an explicit type
    |
318 |                             ui.horizontal(|ui: /* Type */| {
    |                                              ++++++++++++

error[E0282]: type annotations needed
  --> src\ui\property_selection.rs:94:130
   |
94 |                     scroll_utils::show_hidden_vertical_scroll(ui, config.id.with("collapsible_section"), ui.available_height(), |ui| {
   |                                                                                                                                  ^^
95 |                         // Ensure the contents can grow horizontally to fill the available width.
96 |                         ui.set_min_width(0.0);
   |                         -- type must be known at this point
   |
help: consider giving this closure parameter an explicit type
   |
94 |                     scroll_utils::show_hidden_vertical_scroll(ui, config.id.with("collapsible_section"), ui.available_height(), |ui: /* Type */| {
   |                                                                                                                                    ++++++++++++

Some errors have detailed explanations: E0271, E0282, E0432.
For more information about an error, try `rustc --explain E0271`.
warning: `petri_net_legacy_editor` (lib) generated 1 warning
error: could not compile `petri_net_legacy_editor` (lib) due to 15 previous errors; 1 warning emitted
warning: build failed, waiting for other jobs to finish...
